[2021-06-03T01:39:43Z] Started EB User Data
+ SLEEP_TIME=10
+ SLEEP_TIME_MAX=3600
+ true
+ curl https://elasticbeanstalk-platform-assets-us-west-2.s3.us-west-2.amazonaws.com/stalks/eb_python38_amazon_linux_2_1.0.1303.0_20210528230558/lib/UserDataScript.sh
  % Total    % Received % Xferd  Average Speed   Time    Time     Time  Current
                                 Dload  Upload   Total   Spent    Left  Speed
  0     0    0     0    0     0      0      0 --:--:-- --:--:-- --:--:--     0100  4635  100  4635    0     0  64375      0 --:--:-- --:--:-- --:--:-- 64375
+ RESULT=0
+ [[ 0 -ne 0 ]]
+ SLEEP_TIME=2
+ /bin/bash /tmp/ebbootstrap.sh 'https://cloudformation-waitcondition-us-west-2.s3-us-west-2.amazonaws.com/arn%3Aaws%3Acloudformation%3Aus-west-2%3A210189150409%3Astack/awseb-e-crtcrskh56-stack/68ece7a0-c40c-11eb-95e5-02418856b67f/AWSEBInstanceLaunchWaitHandle?X-Amz-Algorithm=AWS4-HMAC-SHA256&X-Amz-Date=20210603T013839Z&X-Amz-SignedHeaders=host&X-Amz-Expires=86399&X-Amz-Credential=AKIAJBJSWSW6NLR67N6A%2F20210603%2Fus-west-2%2Fs3%2Faws4_request&X-Amz-Signature=2ed43a15e3d87ccf0234a10e36988e5b57cc4da1917758514773aac0f19e56bc' arn:aws:cloudformation:us-west-2:210189150409:stack/awseb-e-crtcrskh56-stack/68ece7a0-c40c-11eb-95e5-02418856b67f cc0e7729-d617-44ef-a8c2-2875f69752d3 https://elasticbeanstalk-health.us-west-2.amazonaws.com '' https://elasticbeanstalk-platform-assets-us-west-2.s3.us-west-2.amazonaws.com/stalks/eb_python38_amazon_linux_2_1.0.1303.0_20210528230558 us-west-2
[2021-06-03T01:39:44.997Z] Started EB Bootstrapping Script.
[2021-06-03T01:39:44.015Z] Received parameters:
 TARBALLS = 
 EB_GEMS = 
 SIGNAL_URL = https://cloudformation-waitcondition-us-west-2.s3-us-west-2.amazonaws.com/arn%3Aaws%3Acloudformation%3Aus-west-2%3A210189150409%3Astack/awseb-e-crtcrskh56-stack/68ece7a0-c40c-11eb-95e5-02418856b67f/AWSEBInstanceLaunchWaitHandle?X-Amz-Algorithm=AWS4-HMAC-SHA256&X-Amz-Date=20210603T013839Z&X-Amz-SignedHeaders=host&X-Amz-Expires=86399&X-Amz-Credential=AKIAJBJSWSW6NLR67N6A%2F20210603%2Fus-west-2%2Fs3%2Faws4_request&X-Amz-Signature=2ed43a15e3d87ccf0234a10e36988e5b57cc4da1917758514773aac0f19e56bc
 STACK_ID = arn:aws:cloudformation:us-west-2:210189150409:stack/awseb-e-crtcrskh56-stack/68ece7a0-c40c-11eb-95e5-02418856b67f
 REGION = us-west-2
 GUID = 
 HEALTHD_GROUP_ID = cc0e7729-d617-44ef-a8c2-2875f69752d3
 HEALTHD_ENDPOINT = https://elasticbeanstalk-health.us-west-2.amazonaws.com
 PROXY_SERVER = 
 HEALTHD_PROXY_LOG_LOCATION = 
 PLATFORM_ASSETS_URL = https://elasticbeanstalk-platform-assets-us-west-2.s3.us-west-2.amazonaws.com/stalks/eb_python38_amazon_linux_2_1.0.1303.0_20210528230558
[2021-06-03T01:39:44.083Z] engine url is set to https://elasticbeanstalk-platform-assets-us-west-2.s3.us-west-2.amazonaws.com/stalks/eb_python38_amazon_linux_2_1.0.1303.0_20210528230558/lib/platform-engine.zip
[2021-06-03T01:39:44.115Z] first init of instance.
[2021-06-03T01:39:44.125Z] Started executing cfn_init _OnInstanceBoot.
[2021-06-03T01:39:44.135Z] Running cfn-init ConfigSet: _OnInstanceBoot.
[2021-06-03T01:39:44.150Z] Using stack-id from userdata
[2021-06-03T01:39:44.955Z] Command Returned: 
[2021-06-03T01:39:44.964Z] Completed executing cfn_init.
[2021-06-03T01:39:44.973Z] finished _OnInstanceBoot
--2021-06-03 01:39:44--  https://elasticbeanstalk-platform-assets-us-west-2.s3.us-west-2.amazonaws.com/stalks/eb_python38_amazon_linux_2_1.0.1303.0_20210528230558/lib/platform-engine.zip
Resolving elasticbeanstalk-platform-assets-us-west-2.s3.us-west-2.amazonaws.com (elasticbeanstalk-platform-assets-us-west-2.s3.us-west-2.amazonaws.com)... 52.218.180.145
Connecting to elasticbeanstalk-platform-assets-us-west-2.s3.us-west-2.amazonaws.com (elasticbeanstalk-platform-assets-us-west-2.s3.us-west-2.amazonaws.com)|52.218.180.145|:443... connected.
HTTP request sent, awaiting response... 200 OK
Length: 20565469 (20M) [application/zip]
Saving to: ‘/tmp/platform-engine.zip’

     0K .......... .......... .......... .......... ..........  0% 3.24M 6s
    50K .......... .......... .......... .......... ..........  0% 7.22M 4s
   100K .......... .......... .......... .......... ..........  0% 12.9M 3s
   150K .......... .......... .......... .......... ..........  0% 5.42M 3s
   200K .......... .......... .......... .......... ..........  1% 5.54M 3s
   250K .......... .......... .......... .......... ..........  1% 5.73M 3s
   300K .......... .......... .......... .......... ..........  1%  119M 3s
   350K .......... .......... .......... .......... ..........  1% 5.09M 3s
   400K .......... .......... .......... .......... ..........  2% 74.8M 3s
   450K .......... .......... .......... .......... ..........  2% 4.98M 3s
   500K .......... .......... .......... .......... ..........  2% 5.57M 3s
   550K .......... .......... .......... .......... ..........  2% 6.09M 3s
   600K .......... .......... .......... .......... ..........  3%  172M 3s
   650K .......... .......... .......... .......... ..........  3% 6.39M 3s
   700K .......... .......... .......... .......... ..........  3% 6.58M 3s
   750K .......... .......... .......... .......... ..........  3% 6.19M 3s
   800K .......... .......... .......... .......... ..........  4% 6.30M 3s
   850K .......... .......... .......... .......... ..........  4%  208M 3s
   900K .......... .......... .......... .......... ..........  4% 6.59M 3s
   950K .......... .......... .......... .......... ..........  4% 5.80M 3s
  1000K .......... .......... .......... .......... ..........  5%  155M 2s
  1050K .......... .......... .......... .......... ..........  5% 5.03M 3s
  1100K .......... .......... .......... .......... ..........  5% 5.49M 3s
  1150K .......... .......... .......... .......... ..........  5%  153M 2s
  1200K .......... .......... .......... .......... ..........  6% 74.7M 2s
  1250K .......... .......... .......... .......... ..........  6% 4.96M 2s
  1300K .......... .......... .......... .......... ..........  6%  179M 2s
  1350K .......... .......... .......... .......... ..........  6% 40.8M 2s
  1400K .......... .......... .......... .......... ..........  7% 5.95M 2s
  1450K .......... .......... .......... .......... ..........  7%  120M 2s
  1500K .......... .......... .......... .......... ..........  7% 63.4M 2s
  1550K .......... .......... .......... .......... ..........  7% 5.24M 2s
  1600K .......... .......... .......... .......... ..........  8% 50.3M 2s
  1650K .......... .......... .......... .......... ..........  8% 6.69M 2s
  1700K .......... .......... .......... .......... ..........  8%  117M 2s
  1750K .......... .......... .......... .......... ..........  8% 67.9M 2s
  1800K .......... .......... .......... .......... ..........  9% 5.18M 2s
  1850K .......... .......... .......... .......... ..........  9%  128M 2s
  1900K .......... .......... .......... .......... ..........  9% 4.92M 2s
  1950K .......... .......... .......... .......... ..........  9%  163M 2s
  2000K .......... .......... .......... .......... .......... 10%  125M 2s
  2050K .......... .......... .......... .......... .......... 10% 44.9M 2s
  2100K .......... .......... .......... .......... .......... 10% 6.45M 2s
  2150K .......... .......... .......... .......... .......... 10%  130M 2s
  2200K .......... .......... .......... .......... .......... 11%  189M 2s
  2250K .......... .......... .......... .......... .......... 11% 4.90M 2s
  2300K .......... .......... .......... .......... .......... 11%  122M 2s
  2350K .......... .......... .......... .......... .......... 11%  154M 2s
  2400K .......... .......... .......... .......... .......... 12% 4.31M 2s
  2450K .......... .......... .......... .......... .......... 12%  189M 2s
  2500K .......... .......... .......... .......... .......... 12%  127M 2s
  2550K .......... .......... .......... .......... .......... 12% 51.5M 2s
  2600K .......... .......... .......... .......... .......... 13% 5.74M 2s
  2650K .......... .......... .......... .......... .......... 13%  217M 2s
  2700K .......... .......... .......... .......... .......... 13%  172M 2s
  2750K .......... .......... .......... .......... .......... 13% 5.25M 2s
  2800K .......... .......... .......... .......... .......... 14%  128M 2s
  2850K .......... .......... .......... .......... .......... 14%  163M 2s
  2900K .......... .......... .......... .......... .......... 14%  163M 2s
  2950K .......... .......... .......... .......... .......... 14% 4.79M 2s
  3000K .......... .......... .......... .......... .......... 15%  238M 2s
  3050K .......... .......... .......... .......... .......... 15%  130M 2s
  3100K .......... .......... .......... .......... .......... 15% 75.1M 2s
  3150K .......... .......... .......... .......... .......... 15% 5.87M 2s
  3200K .......... .......... .......... .......... .......... 16%  125M 1s
  3250K .......... .......... .......... .......... .......... 16%  152M 1s
  3300K .......... .......... .......... .......... .......... 16%  167M 1s
  3350K .......... .......... .......... .......... .......... 16% 5.27M 1s
  3400K .......... .......... .......... .......... .......... 17%  206M 1s
  3450K .......... .......... .......... .......... .......... 17%  144M 1s
  3500K .......... .......... .......... .......... .......... 17%  168M 1s
  3550K .......... .......... .......... .......... .......... 17% 4.97M 1s
  3600K .......... .......... .......... .......... .......... 18%  190M 1s
  3650K .......... .......... .......... .......... .......... 18%  140M 1s
  3700K .......... .......... .......... .......... .......... 18% 3.64M 1s
  3750K .......... .......... .......... .......... .......... 18%  190M 1s
  3800K .......... .......... .......... .......... .......... 19%  105M 1s
  3850K .......... .......... .......... .......... .......... 19%  185M 1s
  3900K .......... .......... .......... .......... .......... 19%  175M 1s
  3950K .......... .......... .......... .......... .......... 19%  162M 1s
  4000K .......... .......... .......... .......... .......... 20% 57.4M 1s
  4050K .......... .......... .......... .......... .......... 20% 4.58M 1s
  4100K .......... .......... .......... .......... .......... 20%  210M 1s
  4150K .......... .......... .......... .......... .......... 20%  125M 1s
  4200K .......... .......... .......... .......... .......... 21%  168M 1s
  4250K .......... .......... .......... .......... .......... 21% 5.30M 1s
  4300K .......... .......... .......... .......... .......... 21%  120M 1s
  4350K .......... .......... .......... .......... .......... 21%  206M 1s
  4400K .......... .......... .......... .......... .......... 22%  220M 1s
  4450K .......... .......... .......... .......... .......... 22% 3.05M 1s
  4500K .......... .......... .......... .......... .......... 22%  169M 1s
  4550K .......... .......... .......... .......... .......... 22%  110M 1s
  4600K .......... .......... .......... .......... .......... 23%  208M 1s
  4650K .......... .......... .......... .......... .......... 23%  220M 1s
  4700K .......... .......... .......... .......... .......... 23%  245M 1s
  4750K .......... .......... .......... .......... .......... 23% 6.12M 1s
  4800K .......... .......... .......... .......... .......... 24%  110M 1s
  4850K .......... .......... .......... .......... .......... 24%  164M 1s
  4900K .......... .......... .......... .......... .......... 24%  168M 1s
  4950K .......... .......... .......... .......... .......... 24% 5.67M 1s
  5000K .......... .......... .......... .......... .......... 25%  210M 1s
  5050K .......... .......... .......... .......... .......... 25%  222M 1s
  5100K .......... .......... .......... .......... .......... 25%  133M 1s
  5150K .......... .......... .......... .......... .......... 25%  187M 1s
  5200K .......... .......... .......... .......... .......... 26% 5.51M 1s
  5250K .......... .......... .......... .......... .......... 26%  115M 1s
  5300K .......... .......... .......... .......... .......... 26%  164M 1s
  5350K .......... .......... .......... .......... .......... 26%  172M 1s
  5400K .......... .......... .......... .......... .......... 27%  173M 1s
  5450K .......... .......... .......... .......... .......... 27% 5.72M 1s
  5500K .......... .......... .......... .......... .......... 27%  223M 1s
  5550K .......... .......... .......... .......... .......... 27%  252M 1s
  5600K .......... .......... .......... .......... .......... 28% 93.4M 1s
  5650K .......... .......... .......... .......... .......... 28% 60.6M 1s
  5700K .......... .......... .......... .......... .......... 28% 66.7M 1s
  5750K .......... .......... .......... .......... .......... 28% 4.95M 1s
  5800K .......... .......... .......... .......... .......... 29% 91.4M 1s
  5850K .......... .......... .......... .......... .......... 29%  162M 1s
  5900K .......... .......... .......... .......... .......... 29%  186M 1s
  5950K .......... .......... .......... .......... .......... 29%  110M 1s
  6000K .......... .......... .......... .......... .......... 30% 76.8M 1s
  6050K .......... .......... .......... .......... .......... 30% 5.25M 1s
  6100K .......... .......... .......... .......... .......... 30%  101M 1s
  6150K .......... .......... .......... .......... .......... 30%  156M 1s
  6200K .......... .......... .......... .......... .......... 31%  165M 1s
  6250K .......... .......... .......... .......... .......... 31%  166M 1s
  6300K .......... .......... .......... .......... .......... 31%  159M 1s
  6350K .......... .......... .......... .......... .......... 31% 5.41M 1s
  6400K .......... .......... .......... .......... .......... 32%  120M 1s
  6450K .......... .......... .......... .......... .......... 32%  190M 1s
  6500K .......... .......... .......... .......... .......... 32%  190M 1s
  6550K .......... .......... .......... .......... .......... 32%  166M 1s
  6600K .......... .......... .......... .......... .......... 33%  167M 1s
  6650K .......... .......... .......... .......... .......... 33% 5.10M 1s
  6700K .......... .......... .......... .......... .......... 33%  118M 1s
  6750K .......... .......... .......... .......... .......... 33%  164M 1s
  6800K .......... .......... .......... .......... .......... 34%  187M 1s
  6850K .......... .......... .......... .......... .......... 34%  236M 1s
  6900K .......... .......... .......... .......... .......... 34%  170M 1s
  6950K .......... .......... .......... .......... .......... 34% 5.98M 1s
  7000K .......... .......... .......... .......... .......... 35%  116M 1s
  7050K .......... .......... .......... .......... .......... 35%  168M 1s
  7100K .......... .......... .......... .......... .......... 35%  173M 1s
  7150K .......... .......... .......... .......... .......... 35%  167M 1s
  7200K .......... .......... .......... .......... .......... 36% 5.49M 1s
  7250K .......... .......... .......... .......... .......... 36%  220M 1s
  7300K .......... .......... .......... .......... .......... 36%  115M 1s
  7350K .......... .......... .......... .......... .......... 36%  112M 1s
  7400K .......... .......... .......... .......... .......... 37% 69.8M 1s
  7450K .......... .......... .......... .......... .......... 37% 66.7M 1s
  7500K .......... .......... .......... .......... .......... 37% 70.5M 1s
  7550K .......... .......... .......... .......... .......... 37% 4.54M 1s
  7600K .......... .......... .......... .......... .......... 38%  104M 1s
  7650K .......... .......... .......... .......... .......... 38%  175M 1s
  7700K .......... .......... .......... .......... .......... 38%  174M 1s
  7750K .......... .......... .......... .......... .......... 38%  170M 1s
  7800K .......... .......... .......... .......... .......... 39%  183M 1s
  7850K .......... .......... .......... .......... .......... 39%  185M 1s
  7900K .......... .......... .......... .......... .......... 39% 4.67M 1s
  7950K .......... .......... .......... .......... .......... 39%  120M 1s
  8000K .......... .......... .......... .......... .......... 40%  167M 1s
  8050K .......... .......... .......... .......... .......... 40%  171M 1s
  8100K .......... .......... .......... .......... .......... 40%  189M 1s
  8150K .......... .......... .......... .......... .......... 40%  193M 1s
  8200K .......... .......... .......... .......... .......... 41%  163M 1s
  8250K .......... .......... .......... .......... .......... 41% 4.90M 1s
  8300K .......... .......... .......... .......... .......... 41%  114M 1s
  8350K .......... .......... .......... .......... .......... 41%  160M 1s
  8400K .......... .......... .......... .......... .......... 42%  179M 1s
  8450K .......... .......... .......... .......... .......... 42%  170M 1s
  8500K .......... .......... .......... .......... .......... 42%  173M 1s
  8550K .......... .......... .......... .......... .......... 42%  190M 1s
  8600K .......... .......... .......... .......... .......... 43% 5.01M 1s
  8650K .......... .......... .......... .......... .......... 43%  120M 1s
  8700K .......... .......... .......... .......... .......... 43%  162M 1s
  8750K .......... .......... .......... .......... .......... 43%  195M 1s
  8800K .......... .......... .......... .......... .......... 44%  163M 1s
  8850K .......... .......... .......... .......... .......... 44%  158M 1s
  8900K .......... .......... .......... .......... .......... 44% 5.43M 1s
  8950K .......... .......... .......... .......... .......... 44%  138M 1s
  9000K .......... .......... .......... .......... .......... 45%  198M 1s
  9050K .......... .......... .......... .......... .......... 45%  191M 1s
  9100K .......... .......... .......... .......... .......... 45%  178M 1s
  9150K .......... .......... .......... .......... .......... 45% 5.15M 1s
  9200K .......... .......... .......... .......... .......... 46%  208M 1s
  9250K .......... .......... .......... .......... .......... 46% 97.0M 1s
  9300K .......... .......... .......... .......... .......... 46%  160M 1s
  9350K .......... .......... .......... .......... .......... 46%  172M 1s
  9400K .......... .......... .......... .......... .......... 47%  105M 1s
  9450K .......... .......... .......... .......... .......... 47% 4.94M 1s
  9500K .......... .......... .......... .......... .......... 47%  197M 1s
  9550K .......... .......... .......... .......... .......... 47%  105M 1s
  9600K .......... .......... .......... .......... .......... 48%  166M 1s
  9650K .......... .......... .......... .......... .......... 48%  167M 1s
  9700K .......... .......... .......... .......... .......... 48%  162M 1s
  9750K .......... .......... .......... .......... .......... 48%  100M 1s
  9800K .......... .......... .......... .......... .......... 49% 44.1M 1s
  9850K .......... .......... .......... .......... .......... 49% 3.69M 1s
  9900K .......... .......... .......... .......... .......... 49% 88.8M 1s
  9950K .......... .......... .......... .......... .......... 49%  173M 1s
 10000K .......... .......... .......... .......... .......... 50%  172M 1s
 10050K .......... .......... .......... .......... .......... 50%  133M 1s
 10100K .......... .......... .......... .......... .......... 50% 70.1M 1s
 10150K .......... .......... .......... .......... .......... 50% 89.8M 1s
 10200K .......... .......... .......... .......... .......... 51% 94.5M 1s
 10250K .......... .......... .......... .......... .......... 51%  102M 1s
 10300K .......... .......... .......... .......... .......... 51% 4.76M 1s
 10350K .......... .......... .......... .......... .......... 51%  152M 1s
 10400K .......... .......... .......... .......... .......... 52%  174M 1s
 10450K .......... .......... .......... .......... .......... 52%  171M 1s
 10500K .......... .......... .......... .......... .......... 52%  168M 1s
 10550K .......... .......... .......... .......... .......... 52%  148M 1s
 10600K .......... .......... .......... .......... .......... 53% 70.5M 1s
 10650K .......... .......... .......... .......... .......... 53% 70.5M 1s
 10700K .......... .......... .......... .......... .......... 53% 48.8M 1s
 10750K .......... .......... .......... .......... .......... 53% 3.44M 1s
 10800K .......... .......... .......... .......... .......... 54%  206M 1s
 10850K .......... .......... .......... .......... .......... 54%  218M 1s
 10900K .......... .......... .......... .......... .......... 54% 61.4M 0s
 10950K .......... .......... .......... .......... .......... 54% 62.6M 0s
 11000K .......... .......... .......... .......... .......... 55% 64.3M 0s
 11050K .......... .......... .......... .......... .......... 55% 66.4M 0s
 11100K .......... .......... .......... .......... .......... 55% 76.1M 0s
 11150K .......... .......... .......... .......... .......... 55% 87.5M 0s
 11200K .......... .......... .......... .......... .......... 56% 76.2M 0s
 11250K .......... .......... .......... .......... .......... 56% 84.2M 0s
 11300K .......... .......... .......... .......... .......... 56% 1.96M 0s
 11350K .......... .......... .......... .......... .......... 56%  196M 0s
 11400K .......... .......... .......... .......... .......... 57% 70.8M 0s
 11450K .......... .......... .......... .......... .......... 57%  207M 0s
 11500K .......... .......... .......... .......... .......... 57%  250M 0s
 11550K .......... .......... .......... .......... .......... 57%  233M 0s
 11600K .......... .......... .......... .......... .......... 58%  203M 0s
 11650K .......... .......... .......... .......... .......... 58%  194M 0s
 11700K .......... .......... .......... .......... .......... 58%  219M 0s
 11750K .......... .......... .......... .......... .......... 58%  202M 0s
 11800K .......... .......... .......... .......... .......... 59% 83.8M 0s
 11850K .......... .......... .......... .......... .......... 59% 91.5M 0s
 11900K .......... .......... .......... .......... .......... 59% 2.15M 0s
 11950K .......... .......... .......... .......... .......... 59%  210M 0s
 12000K .......... .......... .......... .......... .......... 59% 90.9M 0s
 12050K .......... .......... .......... .......... .......... 60%  220M 0s
 12100K .......... .......... .......... .......... .......... 60%  269M 0s
 12150K .......... .......... .......... .......... .......... 60%  279M 0s
 12200K .......... .......... .......... .......... .......... 60%  279M 0s
 12250K .......... .......... .......... .......... .......... 61%  212M 0s
 12300K .......... .......... .......... .......... .......... 61%  245M 0s
 12350K .......... .......... .......... .......... .......... 61% 2.69M 0s
 12400K .......... .......... .......... .......... .......... 61%  222M 0s
 12450K .......... .......... .......... .......... .......... 62% 85.2M 0s
 12500K .......... .......... .......... .......... .......... 62%  268M 0s
 12550K .......... .......... .......... .......... .......... 62%  261M 0s
 12600K .......... .......... .......... .......... .......... 62%  258M 0s
 12650K .......... .......... .......... .......... .......... 63%  229M 0s
 12700K .......... .......... .......... .......... .......... 63%  262M 0s
 12750K .......... .......... .......... .......... .......... 63% 2.28M 0s
 12800K .......... .......... .......... .......... .......... 63%  217M 0s
 12850K .......... .......... .......... .......... .......... 64% 85.5M 0s
 12900K .......... .......... .......... .......... .......... 64%  246M 0s
 12950K .......... .......... .......... .......... .......... 64%  275M 0s
 13000K .......... .......... .......... .......... .......... 64%  266M 0s
 13050K .......... .......... .......... .......... .......... 65%  221M 0s
 13100K .......... .......... .......... .......... .......... 65%  258M 0s
 13150K .......... .......... .......... .......... .......... 65%  256M 0s
 13200K .......... .......... .......... .......... .......... 65% 2.81M 0s
 13250K .......... .......... .......... .......... .......... 66% 75.6M 0s
 13300K .......... .......... .......... .......... .......... 66%  237M 0s
 13350K .......... .......... .......... .......... .......... 66%  147M 0s
 13400K .......... .......... .......... .......... .......... 66%  196M 0s
 13450K .......... .......... .......... .......... .......... 67% 78.0M 0s
 13500K .......... .......... .......... .......... .......... 67% 78.0M 0s
 13550K .......... .......... .......... .......... .......... 67% 73.7M 0s
 13600K .......... .......... .......... .......... .......... 67% 76.3M 0s
 13650K .......... .......... .......... .......... .......... 68% 63.7M 0s
 13700K .......... .......... .......... .......... .......... 68% 79.9M 0s
 13750K .......... .......... .......... .......... .......... 68% 72.7M 0s
 13800K .......... .......... .......... .......... .......... 68% 71.7M 0s
 13850K .......... .......... .......... .......... .......... 69% 65.0M 0s
 13900K .......... .......... .......... .......... .......... 69% 84.4M 0s
 13950K .......... .......... .......... .......... .......... 69% 69.1M 0s
 14000K .......... .......... .......... .......... .......... 69% 72.9M 0s
 14050K .......... .......... .......... .......... .......... 70% 60.3M 0s
 14100K .......... .......... .......... .......... .......... 70% 76.8M 0s
 14150K .......... .......... .......... .......... .......... 70% 76.4M 0s
 14200K .......... .......... .......... .......... .......... 70% 74.6M 0s
 14250K .......... .......... .......... .......... .......... 71% 1.24M 0s
 14300K .......... .......... .......... .......... .......... 71% 53.9M 0s
 14350K .......... .......... .......... .......... .......... 71% 69.7M 0s
 14400K .......... .......... .......... .......... .......... 71% 67.4M 0s
 14450K .......... .......... .......... .......... .......... 72% 68.2M 0s
 14500K .......... .......... .......... .......... .......... 72% 81.2M 0s
 14550K .......... .......... .......... .......... .......... 72% 81.7M 0s
 14600K .......... .......... .......... .......... .......... 72% 85.3M 0s
 14650K .......... .......... .......... .......... .......... 73% 70.7M 0s
 14700K .......... .......... .......... .......... .......... 73% 67.3M 0s
 14750K .......... .......... .......... .......... .......... 73% 71.3M 0s
 14800K .......... .......... .......... .......... .......... 73% 76.7M 0s
 14850K .......... .......... .......... .......... .......... 74% 5.64M 0s
 14900K .......... .......... .......... .......... .......... 74%  219M 0s
 14950K .......... .......... .......... .......... .......... 74%  210M 0s
 15000K .......... .......... .......... .......... .......... 74%  211M 0s
 15050K .......... .......... .......... .......... .......... 75%  215M 0s
 15100K .......... .......... .......... .......... .......... 75%  158M 0s
 15150K .......... .......... .......... .......... .......... 75%  180M 0s
 15200K .......... .......... .......... .......... .......... 75%  112M 0s
 15250K .......... .......... .......... .......... .......... 76% 62.7M 0s
 15300K .......... .......... .......... .......... .......... 76% 75.1M 0s
 15350K .......... .......... .......... .......... .......... 76% 78.1M 0s
 15400K .......... .......... .......... .......... .......... 76% 85.0M 0s
 15450K .......... .......... .......... .......... .......... 77% 69.0M 0s
 15500K .......... .......... .......... .......... .......... 77% 72.1M 0s
 15550K .......... .......... .......... .......... .......... 77% 73.1M 0s
 15600K .......... .......... .......... .......... .......... 77% 76.5M 0s
 15650K .......... .......... .......... .......... .......... 78% 72.6M 0s
 15700K .......... .......... .......... .......... .......... 78% 76.9M 0s
 15750K .......... .......... .......... .......... .......... 78% 42.2M 0s
 15800K .......... .......... .......... .......... .......... 78% 4.49M 0s
 15850K .......... .......... .......... .......... .......... 79%  108M 0s
 15900K .......... .......... .......... .......... .......... 79%  213M 0s
 15950K .......... .......... .......... .......... .......... 79%  211M 0s
 16000K .......... .......... .......... .......... .......... 79% 82.9M 0s
 16050K .......... .......... .......... .......... .......... 80% 68.5M 0s
 16100K .......... .......... .......... .......... .......... 80% 83.2M 0s
 16150K .......... .......... .......... .......... .......... 80% 82.0M 0s
 16200K .......... .......... .......... .......... .......... 80% 4.55M 0s
 16250K .......... .......... .......... .......... .......... 81%  231M 0s
 16300K .......... .......... .......... .......... .......... 81%  117M 0s
 16350K .......... .......... .......... .......... .......... 81%  237M 0s
 16400K .......... .......... .......... .......... .......... 81%  214M 0s
 16450K .......... .......... .......... .......... .......... 82%  179M 0s
 16500K .......... .......... .......... .......... .......... 82%  201M 0s
 16550K .......... .......... .......... .......... .......... 82% 65.6M 0s
 16600K .......... .......... .......... .......... .......... 82% 5.69M 0s
 16650K .......... .......... .......... .......... .......... 83%  110M 0s
 16700K .......... .......... .......... .......... .......... 83%  199M 0s
 16750K .......... .......... .......... .......... .......... 83%  239M 0s
 16800K .......... .......... .......... .......... .......... 83%  215M 0s
 16850K .......... .......... .......... .......... .......... 84% 4.73M 0s
 16900K .......... .......... .......... .......... .......... 84%  240M 0s
 16950K .......... .......... .......... .......... .......... 84%  116M 0s
 17000K .......... .......... .......... .......... .......... 84%  210M 0s
 17050K .......... .......... .......... .......... .......... 85% 66.9M 0s
 17100K .......... .......... .......... .......... .......... 85% 76.7M 0s
 17150K .......... .......... .......... .......... .......... 85% 85.3M 0s
 17200K .......... .......... .......... .......... .......... 85% 82.2M 0s
 17250K .......... .......... .......... .......... .......... 86% 4.69M 0s
 17300K .......... .......... .......... .......... .......... 86%  227M 0s
 17350K .......... .......... .......... .......... .......... 86%  115M 0s
 17400K .......... .......... .......... .......... .......... 86%  191M 0s
 17450K .......... .......... .......... .......... .......... 87%  183M 0s
 17500K .......... .......... .......... .......... .......... 87%  103M 0s
 17550K .......... .......... .......... .......... .......... 87% 81.4M 0s
 17600K .......... .......... .......... .......... .......... 87% 67.5M 0s
 17650K .......... .......... .......... .......... .......... 88% 5.77M 0s
 17700K .......... .......... .......... .......... .......... 88%  116M 0s
 17750K .......... .......... .......... .......... .......... 88%  202M 0s
 17800K .......... .......... .......... .......... .......... 88%  204M 0s
 17850K .......... .......... .......... .......... .......... 89%  180M 0s
 17900K .......... .......... .......... .......... .......... 89% 67.1M 0s
 17950K .......... .......... .......... .......... .......... 89% 6.30M 0s
 18000K .......... .......... .......... .......... .......... 89%  202M 0s
 18050K .......... .......... .......... .......... .......... 90%  166M 0s
 18100K .......... .......... .......... .......... .......... 90%  203M 0s
 18150K .......... .......... .......... .......... .......... 90% 72.6M 0s
 18200K .......... .......... .......... .......... .......... 90% 5.82M 0s
 18250K .......... .......... .......... .......... .......... 91%  235M 0s
 18300K .......... .......... .......... .......... .......... 91%  149M 0s
 18350K .......... .......... .......... .......... .......... 91%  203M 0s
 18400K .......... .......... .......... .......... .......... 91%  199M 0s
 18450K .......... .......... .......... .......... .......... 92% 5.81M 0s
 18500K .......... .......... .......... .......... .......... 92%  118M 0s
 18550K .......... .......... .......... .......... .......... 92%  189M 0s
 18600K .......... .......... .......... .......... .......... 92%  206M 0s
 18650K .......... .......... .......... .......... .......... 93%  175M 0s
 18700K .......... .......... .......... .......... .......... 93% 5.20M 0s
 18750K .......... .......... .......... .......... .......... 93%  116M 0s
 18800K .......... .......... .......... .......... .......... 93%  204M 0s
 18850K .......... .......... .......... .......... .......... 94%  174M 0s
 18900K .......... .......... .......... .......... .......... 94%  202M 0s
 18950K .......... .......... .......... .......... .......... 94% 64.4M 0s
 19000K .......... .......... .......... .......... .......... 94% 3.90M 0s
 19050K .......... .......... .......... .......... .......... 95% 74.3M 0s
 19100K .......... .......... .......... .......... .......... 95% 77.8M 0s
 19150K .......... .......... .......... .......... .......... 95% 67.8M 0s
 19200K .......... .......... .......... .......... .......... 95% 79.2M 0s
 19250K .......... .......... .......... .......... .......... 96% 65.9M 0s
 19300K .......... .......... .......... .......... .......... 96% 81.5M 0s
 19350K .......... .......... .......... .......... .......... 96% 81.5M 0s
 19400K .......... .......... .......... .......... .......... 96% 73.7M 0s
 19450K .......... .......... .......... .......... .......... 97% 44.5M 0s
 19500K .......... .......... .......... .......... .......... 97% 4.66M 0s
 19550K .......... .......... .......... .......... .......... 97%  255M 0s
 19600K .......... .......... .......... .......... .......... 97%  251M 0s
 19650K .......... .......... .......... .......... .......... 98%  117M 0s
 19700K .......... .......... .......... .......... .......... 98%  194M 0s
 19750K .......... .......... .......... .......... .......... 98% 75.5M 0s
 19800K .......... .......... .......... .......... .......... 98% 5.63M 0s
 19850K .......... .......... .......... .......... .......... 99%  121M 0s
 19900K .......... .......... .......... .......... .......... 99%  187M 0s
 19950K .......... .......... .......... .......... .......... 99%  200M 0s
 20000K .......... .......... .......... .......... .......... 99%  247M 0s
 20050K .......... .......... .......... ...                  100%  255M=1.0s

2021-06-03 01:39:46 (20.6 MB/s) - ‘/tmp/platform-engine.zip’ saved [20565469/20565469]

Archive:  /tmp/platform-engine.zip
  inflating: /opt/elasticbeanstalk/bin/platform-engine  
  inflating: /opt/elasticbeanstalk/bin/get-config  
  inflating: /opt/elasticbeanstalk/bin/publishlogs  
  inflating: /opt/elasticbeanstalk/config/private/aws-eb-command-handler.conf  
  inflating: /opt/elasticbeanstalk/config/private/aws-eb.target  
  inflating: /opt/elasticbeanstalk/config/private/logtasks/cron/publishlogs  
  inflating: /opt/elasticbeanstalk/config/private/beanstalk-magic  
  inflating: /opt/elasticbeanstalk/config/private/nginx/nginx.conf.template  
  inflating: /opt/elasticbeanstalk/config/private/nginx/staticfilesmapping.conf.template  
  inflating: /opt/elasticbeanstalk/config/private/nginx/applicationport.conf.template  
  inflating: /opt/elasticbeanstalk/config/private/guidlocking/repo.py  
  inflating: /opt/elasticbeanstalk/config/private/systemd-append.template  
  inflating: /opt/elasticbeanstalk/config/private/rsyslog.conf.template  
  inflating: /opt/elasticbeanstalk/config/private/httpd/staticfilesmapping.conf.template  
  inflating: /opt/elasticbeanstalk/config/private/httpd/gzip.conf  
  inflating: /opt/elasticbeanstalk/config/private/httpd/applicationport.conf.template  
  inflating: /opt/elasticbeanstalk/config/private/httpd/httpd.conf.template  
  inflating: /opt/elasticbeanstalk/config/private/ruby_common_env  
  inflating: /opt/elasticbeanstalk/config/private/cfn-hup.conf.template  
  inflating: /opt/elasticbeanstalk/config/private/containercommandsupport/container-defaults.sh  
  inflating: /opt/elasticbeanstalk/config/private/containercommandsupport/leader-test.sh  
  inflating: /opt/elasticbeanstalk/config/private/healthd/logcleanup-cron.template  
  inflating: /opt/elasticbeanstalk/config/private/healthd/config.yaml.template  
  inflating: /opt/elasticbeanstalk/config/private/healthd/healthd_logformat.conf  
  inflating: /opt/elasticbeanstalk/config/private/healthd/healthd_httpd.conf  
  inflating: /opt/elasticbeanstalk/config/private/healthd/healthddependency  
  inflating: /opt/elasticbeanstalk/config/private/healthd/healthd_nginx.conf  
  inflating: /opt/elasticbeanstalk/config/private/eb-banner  
  inflating: /opt/elasticbeanstalk/config/private/systemd.template  
 extracting: /opt/elasticbeanstalk/config/private/restartcfn.sh  
  inflating: /opt/elasticbeanstalk/config/private/cfn-hup-wrapper  
  inflating: /opt/elasticbeanstalk/config/private/sqsd/default.yaml.template  
  inflating: /opt/elasticbeanstalk/config/private/sqsd/sqsdversion.json  
  inflating: /opt/elasticbeanstalk/config/private/logrotate/logrotate.template  
  inflating: /opt/elasticbeanstalk/config/private/logrotate/logrotate-cron.template  
  inflating: /opt/elasticbeanstalk/tasks/bundlelogs.d/cfn-system.conf  
 extracting: /opt/elasticbeanstalk/tasks/bundlelogs.d/cloud-init-system.conf  
  inflating: /opt/elasticbeanstalk/tasks/bundlelogs.d/system.conf  
  inflating: /opt/elasticbeanstalk/tasks/bundlelogs.d/eb-app.conf  
  inflating: /opt/elasticbeanstalk/tasks/bundlelogs.d/eb-system.conf  
 extracting: /opt/elasticbeanstalk/tasks/bundlelogs.d/eb-hooks.conf  
 extracting: /opt/elasticbeanstalk/tasks/bundlelogs.d/rotate.conf  
  inflating: /opt/elasticbeanstalk/tasks/taillogs.d/eb-engine.conf  
 extracting: /opt/elasticbeanstalk/tasks/publishlogs.d/eb-app.conf  
[2021-06-03T01:39:49.671Z] Successfully bootstrapped instance.
[2021-06-03T01:39:49.692Z] Sending signal 0 to CFN wait condition https://cloudformation-waitcondition-us-west-2.s3-us-west-2.amazonaws.com/arn%3Aaws%3Acloudformation%3Aus-west-2%3A210189150409%3Astack/awseb-e-crtcrskh56-stack/68ece7a0-c40c-11eb-95e5-02418856b67f/AWSEBInstanceLaunchWaitHandle?X-Amz-Algorithm=AWS4-HMAC-SHA256&X-Amz-Date=20210603T013839Z&X-Amz-SignedHeaders=host&X-Amz-Expires=86399&X-Amz-Credential=AKIAJBJSWSW6NLR67N6A%2F20210603%2Fus-west-2%2Fs3%2Faws4_request&X-Amz-Signature=2ed43a15e3d87ccf0234a10e36988e5b57cc4da1917758514773aac0f19e56bc
CloudFormation signaled successfully with %s.
[2021-06-03T01:39:50.492Z] Tailing /var/log/eb-commandprocessor.log

******************* eb-commandprocessor taillog *******************
***eb-commandprocessor is not available yet.***
******************* End of taillog *******************


[2021-06-03T01:39:50.504Z] Tailing /var/log/eb-activity.log

******************* eb-activity taillog *******************
***eb-activity is not available yet.***
******************* End of taillog *******************


[2021-06-03T01:39:50.516Z] Tailing /var/log/eb-tools.log

******************* eb-tools taillog *******************
***eb-tools is not available yet.***
******************* End of taillog *******************


[2021-06-03T01:39:50.530Z] Tailing /var/log/eb-version-deployment.log

******************* eb-version-deployment taillog *******************
***eb-version-deployment is not available yet.***
******************* End of taillog *******************


[2021-06-03T01:39:50.548Z] Tailing /var/log/cfn-init.log

******************* cfn-init taillog *******************
2021-06-03 01:39:44,688 [INFO] -----------------------Starting build-----------------------
2021-06-03 01:39:44,695 [INFO] Running configSets: _OnInstanceBoot
2021-06-03 01:39:44,698 [INFO] Running configSet _OnInstanceBoot
2021-06-03 01:39:44,702 [INFO] Running config AWSEBBaseConfig
2021-06-03 01:39:44,916 [INFO] Command clearbackupfiles succeeded
2021-06-03 01:39:44,921 [INFO] Running config AWSEBCfnHupEndpointOverride
2021-06-03 01:39:44,925 [INFO] Command clearbackupfiles succeeded
2021-06-03 01:39:44,927 [INFO] ConfigSets completed
2021-06-03 01:39:44,927 [INFO] -----------------------Build complete-----------------------
******************* End of taillog *******************


[2021-06-03T01:39:50.576Z] Tailing /var/log/cfn-hup.log

******************* cfn-hup taillog *******************
2021-06-03 01:39:50,228 [DEBUG] CloudFormation client initialized with endpoint https://cloudformation.us-west-2.amazonaws.com
2021-06-03 01:39:50,229 [DEBUG] SQS client initialized with endpoint https://sqs.us-west-2.amazonaws.com
2021-06-03 01:39:50,229 [DEBUG] CloudFormation client initialized with endpoint https://cloudformation.us-west-2.amazonaws.com
2021-06-03 01:39:50,229 [DEBUG] Enabled single threading mode.
2021-06-03 01:39:50,229 [DEBUG] Creating /var/lib/cfn-hup/data
2021-06-03 01:39:50,247 [INFO] No umask value specified in config file. Using the default one: 0o22
******************* End of taillog *******************


[2021-06-03T01:39:50.604Z] Completed EB Bootstrapping Script.
+ RESULT=0
+ [[ 0 -ne 0 ]]
+ exit 0
